{"level":"info","message":"Starting analysis for GeoJSON area"}
{"level":"info","message":"Starting elevation data fetch for 60 points"}
{"level":"info","message":"Elevation data fetch progress: 0%"}
{"level":"info","message":"Elevation data fetch progress: 10%"}
{"level":"info","message":"Elevation data fetch progress: 20%"}
{"level":"info","message":"Elevation data fetch progress: 30%"}
{"level":"info","message":"Elevation data fetch progress: 40%"}
{"level":"info","message":"Elevation data fetch progress: 50%"}
{"level":"info","message":"Elevation data fetch progress: 60%"}
{"level":"info","message":"Elevation data fetch progress: 70%"}
{"level":"info","message":"Elevation data fetch progress: 80%"}
{"level":"info","message":"Elevation data fetch progress: 90%"}
{"level":"info","message":"Elevation fetch complete: 100.00% success rate"}
{"level":"info","message":"Retrieved 60 valid elevation points out of 60 total"}
{"level":"error","message":"Error in area analysis: Cannot read properties of undefined (reading 'type')","stack":"TypeError: Cannot read properties of undefined (reading 'type')\n    at geomEach (/Users/tariro/Documents/Work/ProvingGround/MudhumeniModels/node_modules/@turf/meta/dist/cjs/index.cjs:169:171)\n    at geomReduce (/Users/tariro/Documents/Work/ProvingGround/MudhumeniModels/node_modules/@turf/meta/dist/cjs/index.cjs:229:3)\n    at Object.area (/Users/tariro/Documents/Work/ProvingGround/MudhumeniModels/node_modules/@turf/area/dist/cjs/index.cjs:5:27)\n    at eval (webpack://mudhumenimodels/./utils/elevation-analysis.js?:761:20)\n    at Array.reduce (<anonymous>)\n    at AgriculturalLandAnalyzer.calculateSlopeDistribution (webpack://mudhumenimodels/./utils/elevation-analysis.js?:757:61)\n    at AgriculturalLandAnalyzer.calculateSlopeStatistics (webpack://mudhumenimodels/./utils/elevation-analysis.js?:500:26)\n    at AgriculturalLandAnalyzer.performAnalysis (webpack://mudhumenimodels/./utils/elevation-analysis.js?:450:29)\n    at AgriculturalLandAnalyzer.analyzeArea (webpack://mudhumenimodels/./utils/elevation-analysis.js?:199:35)\n    at process.processTicksAndRejections (node:internal/process/task_queues:95:5)"}
{"level":"info","message":"Starting analysis for GeoJSON area"}
{"level":"info","message":"Starting elevation data fetch for 60 points"}
{"level":"info","message":"Elevation data fetch progress: 0%"}
{"level":"info","message":"Elevation data fetch progress: 10%"}
{"level":"info","message":"Elevation data fetch progress: 20%"}
{"level":"info","message":"Elevation data fetch progress: 30%"}
{"level":"info","message":"Elevation data fetch progress: 40%"}
{"level":"info","message":"Elevation data fetch progress: 50%"}
{"level":"info","message":"Elevation data fetch progress: 60%"}
{"level":"info","message":"Elevation data fetch progress: 70%"}
{"level":"info","message":"Elevation data fetch progress: 80%"}
{"level":"info","message":"Elevation data fetch progress: 90%"}
{"level":"info","message":"Elevation fetch complete: 100.00% success rate"}
{"level":"info","message":"Retrieved 60 valid elevation points out of 60 total"}
{"level":"info","message":"sortedSlopes -> ","sortedSlopes":[0.1,0.1,0.1,0.1,0.1,0.1,0.1,0.1,0.1,0.1,0.1,0.1,1.7757518512093795,1.7757542707243297,1.7757550772385664,2.5104896015019995,2.5104896015019995,2.510492640106839,2.510492640106839,2.51049365298643,3.965633560134331,3.965633560134331,3.965633560134331,3.965633560134331,3.965633560134331,3.965633560134331,3.965633560134331,3.965633560134331,3.965633560134331,3.965633560134331,3.965633560134331,3.9656345581870367,3.9656345581870367,3.9656345581870367,3.9656345581870367,3.9656345581870367,3.9656345581870367,3.9656345581870367,3.9656345581870367,3.9656345581870367,3.9656345581870367,3.9656345581870367,3.9656345581870367,3.9656345581870367,3.9656345581870367,3.9656345581870367,3.9656345581870367,3.9656345581870367,3.9656345581870367,3.965635556244862,3.965635556244862,3.965635556244862,3.965635556244862,3.965635556244862,3.965635556244862,3.965635556244862,3.965635556244862,3.965635556244862,3.965635556244862,3.965635556244862,3.965635556244862,3.965635556244862,3.965635556244862,3.965635556244862,3.965636554307807,3.965636554307807,3.965636554307807,3.965636554307807,3.965636554307807,3.965636554307807,3.965636554307807,3.965636554307807,3.96563755237587,3.96563755237587,3.96563755237587,3.96563755237587,3.96563755237587,5.599322277513177,5.599322277513177,5.599322277513177,5.599322277513177,5.599322277513177,5.599322277513177,5.599322277513177,5.5993250869762194,5.5993250869762194,5.5993250869762194,5.5993250869762194,5.5993250869762194,5.5993250869762194,5.5993250869762194,5.5993250869762194,5.5993250869762194,5.5993250869762194,5.5993250869762194,5.5993250869762194,5.5993250869762194,5.5993250869762194,5.599327896455781,5.599327896455781,5.599327896455781,5.599327896455781,5.599327896455781,5.599327896455781,5.599327896455781,5.599327896455781,5.599327896455781,5.599327896455781,5.599327896455781,5.599327896455781,5.599327896455781,5.599327896455781,5.599327896455781,5.599327896455781,5.599327896455781,5.599327896455781,5.599327896455781,5.599330705951861,5.599330705951861,5.599330705951861,5.599330705951861,5.599330705951861,5.599330705951861,5.599330705951861,5.599330705951861,5.599330705951861,5.599330705951861,5.599330705951861,5.599330705951861,5.599333515464456,5.599333515464456,5.599333515464456,5.599333515464456,5.599333515464456,5.599333515464456,5.599333515464456,5.59933632499357,5.599339336625698,5.599339336625698,5.599339336625698,5.599339336625698,5.599339336625698,5.599339336625698,5.599339336625698,5.599339336625698,5.599339336625698,5.599339336625698,5.599339336625698,5.599339336625698,5.599339336625698,5.599339336625698,5.599339336625698,5.599339336625698,5.599339336625698,5.599339336625698,5.599339336625698,5.599339336625698,5.599339336625698,5.599339336625698,5.599339336625698,5.599339336625698,5.599339336625698,5.599339336625698,5.599339336625698,5.599339336625698,5.599339336625698,5.599339336625698,5.599339336625698,5.599339336625698,5.599339336625698,5.599339336625698,5.599339336625698,5.599339336625698,5.599339336625698,5.599339336625698,5.599339336625698,5.599339336625698,5.599339336625698,5.599339336625698,5.599339336625698,5.599339336625698,5.599339336625698,5.599339336625698,5.599339336625698,5.599339336625698,5.599339336625698,5.599339336625698,5.599339336625698,5.599339336625698,5.599339336625698,5.599339336625698,5.599339336625698,7.893632417104074,7.893632417104074,7.893632417104074,7.893632417104074,7.893632417104074,7.893632417104074,7.893632417104074,7.893632417104074,7.893634384973437,7.893634384973437,7.893634384973437,7.893634384973437,7.893634384973437,7.893636352852881,7.893636352852881,7.893636352852881,7.893636352852881,7.893636352852881,7.893636352852881,7.893636352852881,7.893638320742405,7.893638320742405,7.893638320742405,7.893638320742405,7.893638320742405,7.893638320742405,7.893638320742405,7.893638320742405,7.893638320742405,7.893640288642007,7.893640288642007,7.893640288642007,9.947246769472983,11.093689840912017,11.093695303815457,11.093695303815457,11.093695303815457,11.093695303815457,11.093695303815457,11.093695303815457,11.093695303815457,11.093695303815457,11.093695303815457,11.093700766750862,11.093700766750862,11.093700766750862,11.093700766750862,11.093706229718231,11.093706229718231,11.093706229718231,11.093706229718231,11.093706229718231,11.093706229718231,11.093706229718231,11.093706229718231,11.093706229718231,11.093706229718231,11.093711692717568,11.093711692717568,11.093711692717568,11.093711692717568,11.093711692717568,11.093711692717568,11.093717155748871,11.093717155748871,11.093723011762263,11.093723011762263,11.093723011762263,11.093723011762263,11.093723011762263,11.093723011762263,11.093723011762263,11.093723011762263,11.093723011762263,11.093723011762263,11.093723011762263,11.093723011762263,11.093723011762263,11.093723011762263,11.093723011762263,11.093723011762263,11.093723011762263,11.093723011762263,11.093723011762263,11.093723011762263,11.093723011762263,11.093723011762263,11.093723011762263,11.093723011762263,11.093723011762263,11.093723011762263,11.093723011762263,11.093723011762263,11.093723011762263,11.093723011762263,11.093723011762263,11.093723011762263,15.498505639218429,21.412969475239723]}
{"level":"error","message":"Error in area analysis: Cannot read properties of undefined (reading 'type')","stack":"TypeError: Cannot read properties of undefined (reading 'type')\n    at geomEach (/Users/tariro/Documents/Work/ProvingGround/MudhumeniModels/node_modules/@turf/meta/dist/cjs/index.cjs:169:171)\n    at geomReduce (/Users/tariro/Documents/Work/ProvingGround/MudhumeniModels/node_modules/@turf/meta/dist/cjs/index.cjs:229:3)\n    at Object.area (/Users/tariro/Documents/Work/ProvingGround/MudhumeniModels/node_modules/@turf/area/dist/cjs/index.cjs:5:27)\n    at eval (webpack://mudhumenimodels/./utils/elevation-analysis.js?:764:20)\n    at Array.reduce (<anonymous>)\n    at AgriculturalLandAnalyzer.calculateSlopeDistribution (webpack://mudhumenimodels/./utils/elevation-analysis.js?:760:61)\n    at AgriculturalLandAnalyzer.calculateSlopeStatistics (webpack://mudhumenimodels/./utils/elevation-analysis.js?:500:26)\n    at AgriculturalLandAnalyzer.performAnalysis (webpack://mudhumenimodels/./utils/elevation-analysis.js?:450:29)\n    at AgriculturalLandAnalyzer.analyzeArea (webpack://mudhumenimodels/./utils/elevation-analysis.js?:199:35)\n    at process.processTicksAndRejections (node:internal/process/task_queues:95:5)"}
{"level":"info","message":"Starting analysis for GeoJSON area"}
{"level":"info","message":"Starting elevation data fetch for 60 points"}
{"level":"info","message":"Elevation data fetch progress: 0%"}
{"level":"info","message":"Elevation data fetch progress: 10%"}
{"level":"info","message":"Elevation data fetch progress: 20%"}
{"level":"info","message":"Elevation data fetch progress: 30%"}
{"level":"info","message":"Elevation data fetch progress: 40%"}
{"level":"info","message":"Elevation data fetch progress: 50%"}
{"level":"info","message":"Elevation data fetch progress: 60%"}
{"level":"info","message":"Elevation data fetch progress: 70%"}
{"level":"info","message":"Elevation data fetch progress: 80%"}
{"level":"info","message":"Elevation data fetch progress: 90%"}
{"level":"info","message":"Elevation fetch complete: 100.00% success rate"}
{"level":"info","message":"Retrieved 60 valid elevation points out of 60 total"}
{"level":"error","message":"Error in area analysis: POLYGON_AREA is not defined","stack":"ReferenceError: POLYGON_AREA is not defined\n    at AgriculturalLandAnalyzer.performAnalysis (webpack://mudhumenimodels/./utils/elevation-analysis.js?:434:18)\n    at AgriculturalLandAnalyzer.analyzeArea (webpack://mudhumenimodels/./utils/elevation-analysis.js?:199:35)\n    at process.processTicksAndRejections (node:internal/process/task_queues:95:5)\n    at async BoreholeSiteService.identifyLocations (webpack://mudhumenimodels/./services/borehole.site.service.js?:48:33)\n    at async analyzeRegion (webpack://mudhumenimodels/./controllers/borehole.site.controller.js?:18:20)"}
{"level":"info","message":"Starting analysis for GeoJSON area"}
{"level":"info","message":"Starting elevation data fetch for 60 points"}
{"level":"info","message":"Elevation data fetch progress: 0%"}
{"level":"info","message":"Elevation data fetch progress: 10%"}
{"level":"info","message":"Elevation data fetch progress: 20%"}
{"level":"info","message":"Elevation data fetch progress: 30%"}
{"level":"info","message":"Elevation data fetch progress: 40%"}
{"level":"info","message":"Elevation data fetch progress: 50%"}
{"level":"info","message":"Elevation data fetch progress: 60%"}
{"level":"info","message":"Elevation data fetch progress: 70%"}
{"level":"info","message":"Elevation data fetch progress: 80%"}
{"level":"info","message":"Elevation data fetch progress: 90%"}
{"level":"info","message":"Elevation fetch complete: 100.00% success rate"}
{"level":"info","message":"Starting analysis for GeoJSON area"}
{"level":"info","message":"Starting elevation data fetch for 60 points"}
{"level":"info","message":"Elevation data fetch progress: 0%"}
{"level":"info","message":"Elevation data fetch progress: 10%"}
{"level":"info","message":"Elevation data fetch progress: 20%"}
{"level":"info","message":"Elevation data fetch progress: 30%"}
{"level":"info","message":"Elevation data fetch progress: 40%"}
{"level":"info","message":"Elevation data fetch progress: 50%"}
{"level":"info","message":"Elevation data fetch progress: 60%"}
{"level":"info","message":"Elevation data fetch progress: 70%"}
{"level":"info","message":"Elevation data fetch progress: 80%"}
{"level":"info","message":"Elevation data fetch progress: 90%"}
{"level":"info","message":"Elevation fetch complete: 100.00% success rate"}
{"level":"info","message":"Starting analysis for GeoJSON area"}
{"level":"info","message":"Starting elevation data fetch for 60 points"}
{"level":"info","message":"Elevation data fetch progress: 0%"}
{"level":"info","message":"Elevation data fetch progress: 10%"}
{"level":"info","message":"Elevation data fetch progress: 20%"}
{"level":"info","message":"Elevation data fetch progress: 30%"}
{"level":"info","message":"Elevation data fetch progress: 40%"}
{"level":"info","message":"Elevation data fetch progress: 50%"}
{"level":"info","message":"Elevation data fetch progress: 60%"}
{"level":"info","message":"Elevation data fetch progress: 70%"}
{"level":"info","message":"Elevation data fetch progress: 80%"}
{"level":"info","message":"Elevation data fetch progress: 90%"}
{"level":"info","message":"Elevation fetch complete: 100.00% success rate"}
{"level":"info","message":"Starting analysis for GeoJSON area"}
{"level":"info","message":"Starting elevation data fetch for 60 points"}
{"level":"info","message":"Elevation data fetch progress: 0%"}
{"level":"info","message":"Elevation data fetch progress: 10%"}
{"level":"info","message":"Elevation data fetch progress: 20%"}
{"level":"info","message":"Elevation data fetch progress: 30%"}
{"level":"info","message":"Elevation data fetch progress: 40%"}
{"level":"info","message":"Elevation data fetch progress: 50%"}
{"level":"info","message":"Elevation data fetch progress: 60%"}
{"level":"info","message":"Elevation data fetch progress: 70%"}
{"level":"info","message":"Elevation data fetch progress: 80%"}
{"level":"info","message":"Elevation data fetch progress: 90%"}
{"level":"info","message":"Elevation fetch complete: 100.00% success rate"}
{"level":"info","message":"Starting analysis for GeoJSON area"}
{"level":"info","message":"Starting elevation data fetch for 60 points"}
{"level":"info","message":"Elevation data fetch progress: 0%"}
{"level":"info","message":"Elevation data fetch progress: 10%"}
{"level":"info","message":"Elevation data fetch progress: 20%"}
{"level":"info","message":"Elevation data fetch progress: 30%"}
{"level":"info","message":"Elevation data fetch progress: 40%"}
{"level":"info","message":"Elevation data fetch progress: 50%"}
{"level":"info","message":"Elevation data fetch progress: 60%"}
{"level":"info","message":"Elevation data fetch progress: 70%"}
{"level":"info","message":"Elevation data fetch progress: 80%"}
{"level":"info","message":"Elevation data fetch progress: 90%"}
{"level":"info","message":"Elevation fetch complete: 100.00% success rate"}
{"level":"info","message":"Starting analysis for GeoJSON area"}
{"level":"info","message":"Starting elevation data fetch for 60 points"}
{"level":"info","message":"Elevation data fetch progress: 0%"}
{"level":"info","message":"Elevation data fetch progress: 10%"}
{"level":"info","message":"Elevation data fetch progress: 20%"}
{"level":"info","message":"Elevation data fetch progress: 30%"}
{"level":"info","message":"Elevation data fetch progress: 40%"}
{"level":"info","message":"Elevation data fetch progress: 50%"}
{"level":"info","message":"Elevation data fetch progress: 60%"}
{"level":"info","message":"Elevation data fetch progress: 70%"}
{"level":"info","message":"Elevation data fetch progress: 80%"}
{"level":"info","message":"Elevation data fetch progress: 90%"}
{"level":"info","message":"Elevation fetch complete: 100.00% success rate"}
{"level":"info","message":"Starting analysis for GeoJSON area"}
{"level":"info","message":"Starting elevation data fetch for 60 points"}
{"level":"info","message":"Elevation data fetch progress: 0%"}
{"level":"info","message":"Elevation data fetch progress: 10%"}
{"level":"info","message":"Elevation data fetch progress: 20%"}
{"level":"info","message":"Elevation data fetch progress: 30%"}
{"level":"info","message":"Elevation data fetch progress: 40%"}
{"level":"info","message":"Elevation data fetch progress: 50%"}
{"level":"info","message":"Elevation data fetch progress: 60%"}
{"level":"info","message":"Elevation data fetch progress: 70%"}
{"level":"info","message":"Elevation data fetch progress: 80%"}
{"level":"info","message":"Elevation data fetch progress: 90%"}
{"level":"info","message":"Elevation fetch complete: 100.00% success rate"}
{"level":"info","message":"Starting analysis for GeoJSON area"}
{"level":"info","message":"Starting elevation data fetch for 60 points"}
{"level":"info","message":"Elevation data fetch progress: 0%"}
{"level":"info","message":"Elevation data fetch progress: 10%"}
{"level":"info","message":"Elevation data fetch progress: 20%"}
{"level":"info","message":"Elevation data fetch progress: 30%"}
{"level":"info","message":"Elevation data fetch progress: 40%"}
{"level":"info","message":"Elevation data fetch progress: 50%"}
{"level":"info","message":"Elevation data fetch progress: 60%"}
{"level":"info","message":"Elevation data fetch progress: 70%"}
{"level":"info","message":"Elevation data fetch progress: 80%"}
{"level":"info","message":"Elevation data fetch progress: 90%"}
{"level":"info","message":"Elevation fetch complete: 100.00% success rate"}
{"level":"info","message":"Starting analysis for GeoJSON area"}
{"level":"info","message":"Starting elevation data fetch for 60 points"}
{"level":"info","message":"Elevation data fetch progress: 0%"}
{"level":"info","message":"Elevation data fetch progress: 10%"}
{"level":"info","message":"Elevation data fetch progress: 20%"}
{"level":"info","message":"Elevation data fetch progress: 30%"}
{"level":"info","message":"Elevation data fetch progress: 40%"}
{"level":"info","message":"Elevation data fetch progress: 50%"}
{"level":"info","message":"Elevation data fetch progress: 60%"}
{"level":"info","message":"Elevation data fetch progress: 70%"}
{"level":"info","message":"Elevation data fetch progress: 80%"}
{"level":"info","message":"Elevation data fetch progress: 90%"}
{"level":"info","message":"Elevation fetch complete: 100.00% success rate"}
{"level":"info","message":"Retrieved 60 valid elevation points out of 60 total"}
{"distribution":{"EXTREME":{"area":0,"description":"Not recommended for cultivation","percentage":0},"MODERATE":{"area":3146.61317904085,"description":"Suitable with minor conservation","percentage":50.51546391752577},"OPTIMAL":{"area":1648.2259509261596,"description":"Ideal for most crops","percentage":26.46048109965636},"STEEP":{"area":1412.765100793851,"description":"Requires significant conservation","percentage":22.68041237113402},"VERY_STEEP":{"area":21.405531830209863,"description":"Limited to specific crops","percentage":0.3436426116838488}},"level":"info","message":"Slope distribution calculated"}
{"level":"error","message":"Error in area analysis: this.processDepressionChunk is not a function","stack":"TypeError: this.processDepressionChunk is not a function\n    at eval (webpack://mudhumenimodels/./utils/elevation-analysis.js?:987:35)\n    at Array.forEach (<anonymous>)\n    at AgriculturalLandAnalyzer.fillDepressionsInChunks (webpack://mudhumenimodels/./utils/elevation-analysis.js?:986:14)\n    at AgriculturalLandAnalyzer.d8FlowAccumulation (webpack://mudhumenimodels/./utils/elevation-analysis.js?:919:30)\n    at AgriculturalLandAnalyzer.calculateFlowAccumulation (webpack://mudhumenimodels/./utils/elevation-analysis.js?:829:17)\n    at AgriculturalLandAnalyzer.analyzeDrainage (webpack://mudhumenimodels/./utils/elevation-analysis.js?:810:35)\n    at AgriculturalLandAnalyzer.analyzeTerrainCharacteristics (webpack://mudhumenimodels/./utils/elevation-analysis.js?:513:22)\n    at AgriculturalLandAnalyzer.performAnalysis (webpack://mudhumenimodels/./utils/elevation-analysis.js?:454:34)\n    at AgriculturalLandAnalyzer.analyzeArea (webpack://mudhumenimodels/./utils/elevation-analysis.js?:199:35)\n    at process.processTicksAndRejections (node:internal/process/task_queues:95:5)"}
{"level":"info","message":"Starting analysis for GeoJSON area"}
{"level":"info","message":"Starting elevation data fetch for 60 points"}
{"level":"info","message":"Elevation data fetch progress: 0%"}
{"level":"info","message":"Elevation data fetch progress: 10%"}
{"level":"info","message":"Elevation data fetch progress: 20%"}
{"level":"info","message":"Elevation data fetch progress: 30%"}
{"level":"info","message":"Elevation data fetch progress: 40%"}
{"level":"info","message":"Elevation data fetch progress: 50%"}
{"level":"info","message":"Elevation data fetch progress: 60%"}
{"level":"info","message":"Elevation data fetch progress: 70%"}
{"level":"info","message":"Elevation data fetch progress: 80%"}
{"level":"info","message":"Elevation data fetch progress: 90%"}
{"level":"info","message":"Elevation fetch complete: 100.00% success rate"}
{"level":"info","message":"Starting analysis for GeoJSON area"}
{"level":"info","message":"Starting elevation data fetch for 60 points"}
{"level":"info","message":"Elevation data fetch progress: 0%"}
{"level":"info","message":"Elevation data fetch progress: 10%"}
{"level":"info","message":"Elevation data fetch progress: 20%"}
{"level":"info","message":"Elevation data fetch progress: 30%"}
{"level":"info","message":"Elevation data fetch progress: 40%"}
{"level":"info","message":"Elevation data fetch progress: 50%"}
{"level":"info","message":"Elevation data fetch progress: 60%"}
{"level":"info","message":"Elevation data fetch progress: 70%"}
{"level":"info","message":"Elevation data fetch progress: 80%"}
{"level":"info","message":"Elevation data fetch progress: 90%"}
{"level":"info","message":"Elevation fetch complete: 100.00% success rate"}
